<?xml version="1.0" encoding="UTF-8"?>
<testsuite name="com.centripio.repositories.EnviosRepositoryTest" tests="2" skipped="0" failures="0" errors="0" timestamp="2017-11-18T15:58:20" hostname="Carloss-MacBook-Pro-2.local" time="0.177">
  <properties/>
  <testcase name="crearEnvio_tets" classname="com.centripio.repositories.EnviosRepositoryTest" time="0.123"/>
  <testcase name="mostrarTodosEnvios_test" classname="com.centripio.repositories.EnviosRepositoryTest" time="0.048"/>
  <system-out><![CDATA[07:58:20.359 [Test worker] DEBUG org.springframework.test.context.junit4.SpringJUnit4ClassRunner - SpringJUnit4ClassRunner constructor called with [class com.centripio.repositories.EnviosRepositoryTest]
07:58:20.359 [Test worker] DEBUG org.springframework.test.context.BootstrapUtils - Instantiating CacheAwareContextLoaderDelegate from class [org.springframework.test.context.cache.DefaultCacheAwareContextLoaderDelegate]
07:58:20.360 [Test worker] DEBUG org.springframework.test.context.BootstrapUtils - Instantiating BootstrapContext using constructor [public org.springframework.test.context.support.DefaultBootstrapContext(java.lang.Class,org.springframework.test.context.CacheAwareContextLoaderDelegate)]
07:58:20.360 [Test worker] DEBUG org.springframework.test.context.BootstrapUtils - Instantiating TestContextBootstrapper for test class [com.centripio.repositories.EnviosRepositoryTest] from class [org.springframework.test.context.support.DefaultTestContextBootstrapper]
07:58:20.361 [Test worker] DEBUG org.springframework.test.context.support.AbstractDelegatingSmartContextLoader - Delegating to AnnotationConfigContextLoader to process context configuration [ContextConfigurationAttributes@24ea0e26 declaringClass = 'com.centripio.repositories.EnviosRepositoryTest', classes = '{class com.centripio.config.AppConfig}', locations = '{}', inheritLocations = true, initializers = '{}', inheritInitializers = true, name = [null], contextLoaderClass = 'org.springframework.test.context.ContextLoader'].
07:58:20.372 [Test worker] DEBUG org.springframework.test.context.support.ActiveProfilesUtils - Could not find an 'annotation declaring class' for annotation type [org.springframework.test.context.ActiveProfiles] and class [com.centripio.repositories.EnviosRepositoryTest]
07:58:20.373 [Test worker] DEBUG org.springframework.test.context.support.DefaultTestContextBootstrapper - @TestExecutionListeners is not present for class [com.centripio.repositories.EnviosRepositoryTest]: using defaults.
07:58:20.385 [Test worker] INFO org.springframework.test.context.support.DefaultTestContextBootstrapper - Loaded default TestExecutionListener class names from location [META-INF/spring.factories]: [org.springframework.boot.test.mock.mockito.MockitoTestExecutionListener, org.springframework.boot.test.mock.mockito.ResetMocksTestExecutionListener, org.springframework.boot.test.autoconfigure.restdocs.RestDocsTestExecutionListener, org.springframework.boot.test.autoconfigure.web.client.MockRestServiceServerResetTestExecutionListener, org.springframework.boot.test.autoconfigure.web.servlet.MockMvcPrintOnlyOnFailureTestExecutionListener, org.springframework.boot.test.autoconfigure.web.servlet.WebDriverTestExecutionListener, org.springframework.test.context.web.ServletTestExecutionListener, org.springframework.test.context.support.DirtiesContextBeforeModesTestExecutionListener, org.springframework.test.context.support.DependencyInjectionTestExecutionListener, org.springframework.test.context.support.DirtiesContextTestExecutionListener, org.springframework.test.context.transaction.TransactionalTestExecutionListener, org.springframework.test.context.jdbc.SqlScriptsTestExecutionListener]
07:58:20.385 [Test worker] INFO org.springframework.test.context.support.DefaultTestContextBootstrapper - Using TestExecutionListeners: [org.springframework.test.context.web.ServletTestExecutionListener@55ce0bb2, org.springframework.test.context.support.DirtiesContextBeforeModesTestExecutionListener@5592416f, org.springframework.test.context.support.DependencyInjectionTestExecutionListener@6de20c46, org.springframework.test.context.support.DirtiesContextTestExecutionListener@15948241, org.springframework.test.context.transaction.TransactionalTestExecutionListener@302288da, org.springframework.test.context.jdbc.SqlScriptsTestExecutionListener@777c2e88, org.springframework.boot.test.autoconfigure.restdocs.RestDocsTestExecutionListener@a018c1d, org.springframework.boot.test.mock.mockito.ResetMocksTestExecutionListener@3b368196, org.springframework.boot.test.mock.mockito.MockitoTestExecutionListener@1f76aa72, org.springframework.boot.test.autoconfigure.web.servlet.MockMvcPrintOnlyOnFailureTestExecutionListener@968df7a, org.springframework.boot.test.autoconfigure.web.client.MockRestServiceServerResetTestExecutionListener@f0fcb2e, org.springframework.boot.test.autoconfigure.web.servlet.WebDriverTestExecutionListener@3ad168]
07:58:20.386 [Test worker] DEBUG org.springframework.test.annotation.ProfileValueUtils - Retrieved @ProfileValueSourceConfiguration [null] for test class [com.centripio.repositories.EnviosRepositoryTest]
07:58:20.386 [Test worker] DEBUG org.springframework.test.annotation.ProfileValueUtils - Retrieved ProfileValueSource type [class org.springframework.test.annotation.SystemProfileValueSource] for class [com.centripio.repositories.EnviosRepositoryTest]
07:58:20.386 [Test worker] DEBUG org.springframework.test.annotation.ProfileValueUtils - Retrieved @ProfileValueSourceConfiguration [null] for test class [com.centripio.repositories.EnviosRepositoryTest]
07:58:20.386 [Test worker] DEBUG org.springframework.test.annotation.ProfileValueUtils - Retrieved ProfileValueSource type [class org.springframework.test.annotation.SystemProfileValueSource] for class [com.centripio.repositories.EnviosRepositoryTest]
07:58:20.386 [Test worker] DEBUG org.springframework.test.context.support.AbstractDirtiesContextTestExecutionListener - Before test class: context [DefaultTestContext@2a35de27 testClass = EnviosRepositoryTest, testInstance = [null], testMethod = [null], testException = [null], mergedContextConfiguration = [MergedContextConfiguration@65695714 testClass = EnviosRepositoryTest, locations = '{}', classes = '{class com.centripio.config.AppConfig}', contextInitializerClasses = '[]', activeProfiles = '{}', propertySourceLocations = '{}', propertySourceProperties = '{}', contextCustomizers = set[org.springframework.boot.test.context.filter.ExcludeFilterContextCustomizer@30f4d1b6, org.springframework.boot.test.json.DuplicateJsonObjectContextCustomizerFactory$DuplicateJsonObjectContextCustomizer@13f9f3cc, org.springframework.boot.test.mock.mockito.MockitoContextCustomizer@0, org.springframework.boot.test.autoconfigure.properties.PropertyMappingContextCustomizer@0, org.springframework.boot.test.autoconfigure.web.servlet.WebDriverContextCustomizerFactory$Customizer@4dcd44f3], contextLoader = 'org.springframework.test.context.support.DelegatingSmartContextLoader', parent = [null]]], class annotated with @DirtiesContext [false] with mode [null].
07:58:20.386 [Test worker] DEBUG org.springframework.test.annotation.ProfileValueUtils - Retrieved @ProfileValueSourceConfiguration [null] for test class [com.centripio.repositories.EnviosRepositoryTest]
07:58:20.386 [Test worker] DEBUG org.springframework.test.annotation.ProfileValueUtils - Retrieved ProfileValueSource type [class org.springframework.test.annotation.SystemProfileValueSource] for class [com.centripio.repositories.EnviosRepositoryTest]
07:58:20.387 [Test worker] DEBUG org.springframework.test.context.support.DependencyInjectionTestExecutionListener - Performing dependency injection for test context [[DefaultTestContext@2a35de27 testClass = EnviosRepositoryTest, testInstance = com.centripio.repositories.EnviosRepositoryTest@14ceb62c, testMethod = [null], testException = [null], mergedContextConfiguration = [MergedContextConfiguration@65695714 testClass = EnviosRepositoryTest, locations = '{}', classes = '{class com.centripio.config.AppConfig}', contextInitializerClasses = '[]', activeProfiles = '{}', propertySourceLocations = '{}', propertySourceProperties = '{}', contextCustomizers = set[org.springframework.boot.test.context.filter.ExcludeFilterContextCustomizer@30f4d1b6, org.springframework.boot.test.json.DuplicateJsonObjectContextCustomizerFactory$DuplicateJsonObjectContextCustomizer@13f9f3cc, org.springframework.boot.test.mock.mockito.MockitoContextCustomizer@0, org.springframework.boot.test.autoconfigure.properties.PropertyMappingContextCustomizer@0, org.springframework.boot.test.autoconfigure.web.servlet.WebDriverContextCustomizerFactory$Customizer@4dcd44f3], contextLoader = 'org.springframework.test.context.support.DelegatingSmartContextLoader', parent = [null]]]].
07:58:20.387 [Test worker] DEBUG org.springframework.test.context.cache.DefaultCacheAwareContextLoaderDelegate - Retrieved ApplicationContext from cache with key [[MergedContextConfiguration@65695714 testClass = EnviosRepositoryTest, locations = '{}', classes = '{class com.centripio.config.AppConfig}', contextInitializerClasses = '[]', activeProfiles = '{}', propertySourceLocations = '{}', propertySourceProperties = '{}', contextCustomizers = set[org.springframework.boot.test.context.filter.ExcludeFilterContextCustomizer@30f4d1b6, org.springframework.boot.test.json.DuplicateJsonObjectContextCustomizerFactory$DuplicateJsonObjectContextCustomizer@13f9f3cc, org.springframework.boot.test.mock.mockito.MockitoContextCustomizer@0, org.springframework.boot.test.autoconfigure.properties.PropertyMappingContextCustomizer@0, org.springframework.boot.test.autoconfigure.web.servlet.WebDriverContextCustomizerFactory$Customizer@4dcd44f3], contextLoader = 'org.springframework.test.context.support.DelegatingSmartContextLoader', parent = [null]]]
07:58:20.387 [Test worker] DEBUG org.springframework.test.context.cache - Spring test ApplicationContext cache statistics: [DefaultContextCache@378dd006 size = 1, maxSize = 32, parentContextCount = 0, hitCount = 12, missCount = 1]
07:58:20.389 [Test worker] DEBUG org.springframework.beans.factory.annotation.InjectionMetadata - Processing injected element of bean 'com.centripio.repositories.EnviosRepositoryTest': AutowiredFieldElement for com.centripio.cuentas.repository.CuentaRepository com.centripio.repositories.EnviosRepositoryTest.cuentaRepository
07:58:20.390 [Test worker] DEBUG org.springframework.beans.factory.support.DefaultListableBeanFactory - Returning cached instance of singleton bean 'cuentaRepository'
07:58:20.390 [Test worker] DEBUG org.springframework.beans.factory.annotation.AutowiredAnnotationBeanPostProcessor - Autowiring by type from bean name 'com.centripio.repositories.EnviosRepositoryTest' to bean named 'cuentaRepository'
07:58:20.390 [Test worker] DEBUG org.springframework.beans.factory.annotation.InjectionMetadata - Processing injected element of bean 'com.centripio.repositories.EnviosRepositoryTest': AutowiredFieldElement for com.centripio.envios.repository.EnviosRepository com.centripio.repositories.EnviosRepositoryTest.enviosRepository
07:58:20.392 [Test worker] DEBUG org.springframework.beans.factory.support.DefaultListableBeanFactory - Returning cached instance of singleton bean 'enviosRepository'
07:58:20.393 [Test worker] DEBUG org.springframework.beans.factory.annotation.AutowiredAnnotationBeanPostProcessor - Autowiring by type from bean name 'com.centripio.repositories.EnviosRepositoryTest' to bean named 'enviosRepository'
07:58:20.394 [Test worker] DEBUG org.springframework.beans.factory.support.DefaultListableBeanFactory - Returning cached instance of singleton bean 'org.springframework.transaction.config.internalTransactionAdvisor'
07:58:20.394 [Test worker] DEBUG org.springframework.beans.factory.support.DefaultListableBeanFactory - Returning cached instance of singleton bean 'org.springframework.transaction.config.internalTransactionAdvisor'
07:58:20.395 [Test worker] DEBUG org.springframework.transaction.annotation.AnnotationTransactionAttributeSource - Adding transactional method 'com.centripio.repositories.EnviosRepositoryTest.init' with attribute: PROPAGATION_REQUIRED,ISOLATION_DEFAULT; ''
07:58:20.396 [Test worker] DEBUG org.springframework.aop.aspectj.annotation.AnnotationAwareAspectJAutoProxyCreator - Creating implicit proxy for bean 'com.centripio.repositories.EnviosRepositoryTest' with 0 common interceptors and 1 specific interceptors
07:58:20.396 [Test worker] DEBUG org.springframework.aop.framework.CglibAopProxy - Creating CGLIB proxy: target source is SingletonTargetSource for target object [com.centripio.repositories.EnviosRepositoryTest@14ceb62c]
07:58:20.397 [Test worker] DEBUG org.springframework.aop.framework.CglibAopProxy - Unable to apply any optimizations to advised method: public void com.centripio.repositories.EnviosRepositoryTest.init()
07:58:20.398 [Test worker] DEBUG org.springframework.transaction.annotation.AnnotationTransactionAttributeSource - Adding transactional method 'com.centripio.repositories.EnviosRepositoryTest.crearEnvio_tets' with attribute: PROPAGATION_REQUIRED,ISOLATION_DEFAULT; ''
07:58:20.398 [Test worker] DEBUG org.springframework.aop.framework.CglibAopProxy - Unable to apply any optimizations to advised method: public void com.centripio.repositories.EnviosRepositoryTest.crearEnvio_tets()
07:58:20.398 [Test worker] DEBUG org.springframework.transaction.annotation.AnnotationTransactionAttributeSource - Adding transactional method 'com.centripio.repositories.EnviosRepositoryTest.mostrarTodosEnvios_test' with attribute: PROPAGATION_REQUIRED,ISOLATION_DEFAULT; ''
07:58:20.398 [Test worker] DEBUG org.springframework.aop.framework.CglibAopProxy - Unable to apply any optimizations to advised method: public void com.centripio.repositories.EnviosRepositoryTest.mostrarTodosEnvios_test()
07:58:20.399 [Test worker] DEBUG org.springframework.aop.framework.CglibAopProxy - Found 'equals' method: public boolean java.lang.Object.equals(java.lang.Object)
07:58:20.399 [Test worker] DEBUG org.springframework.aop.framework.CglibAopProxy - Unable to apply any optimizations to advised method: public java.lang.String java.lang.Object.toString()
07:58:20.399 [Test worker] DEBUG org.springframework.aop.framework.CglibAopProxy - Found 'hashCode' method: public native int java.lang.Object.hashCode()
07:58:20.399 [Test worker] DEBUG org.springframework.aop.framework.CglibAopProxy - Unable to apply any optimizations to advised method: protected native java.lang.Object java.lang.Object.clone() throws java.lang.CloneNotSupportedException
07:58:20.399 [Test worker] DEBUG org.springframework.aop.framework.CglibAopProxy - Method is declared on Advised interface: public abstract int org.springframework.aop.framework.Advised.indexOf(org.aopalliance.aop.Advice)
07:58:20.399 [Test worker] DEBUG org.springframework.aop.framework.CglibAopProxy - Method is declared on Advised interface: public abstract int org.springframework.aop.framework.Advised.indexOf(org.springframework.aop.Advisor)
07:58:20.399 [Test worker] DEBUG org.springframework.aop.framework.CglibAopProxy - Method is declared on Advised interface: public abstract boolean org.springframework.aop.framework.Advised.isFrozen()
07:58:20.399 [Test worker] DEBUG org.springframework.aop.framework.CglibAopProxy - Method is declared on Advised interface: public abstract boolean org.springframework.aop.framework.Advised.isProxyTargetClass()
07:58:20.399 [Test worker] DEBUG org.springframework.aop.framework.CglibAopProxy - Method is declared on Advised interface: public abstract org.springframework.aop.TargetSource org.springframework.aop.framework.Advised.getTargetSource()
07:58:20.399 [Test worker] DEBUG org.springframework.aop.framework.CglibAopProxy - Method is declared on Advised interface: public abstract void org.springframework.aop.framework.Advised.setPreFiltered(boolean)
07:58:20.399 [Test worker] DEBUG org.springframework.aop.framework.CglibAopProxy - Method is declared on Advised interface: public abstract boolean org.springframework.aop.framework.Advised.isPreFiltered()
07:58:20.399 [Test worker] DEBUG org.springframework.aop.framework.CglibAopProxy - Method is declared on Advised interface: public abstract java.lang.Class[] org.springframework.aop.framework.Advised.getProxiedInterfaces()
07:58:20.399 [Test worker] DEBUG org.springframework.aop.framework.CglibAopProxy - Method is declared on Advised interface: public abstract boolean org.springframework.aop.framework.Advised.isInterfaceProxied(java.lang.Class)
07:58:20.399 [Test worker] DEBUG org.springframework.aop.framework.CglibAopProxy - Method is declared on Advised interface: public abstract void org.springframework.aop.framework.Advised.removeAdvisor(int) throws org.springframework.aop.framework.AopConfigException
07:58:20.399 [Test worker] DEBUG org.springframework.aop.framework.CglibAopProxy - Method is declared on Advised interface: public abstract boolean org.springframework.aop.framework.Advised.removeAdvisor(org.springframework.aop.Advisor)
07:58:20.399 [Test worker] DEBUG org.springframework.aop.framework.CglibAopProxy - Method is declared on Advised interface: public abstract boolean org.springframework.aop.framework.Advised.replaceAdvisor(org.springframework.aop.Advisor,org.springframework.aop.Advisor) throws org.springframework.aop.framework.AopConfigException
07:58:20.400 [Test worker] DEBUG org.springframework.aop.framework.CglibAopProxy - Method is declared on Advised interface: public abstract boolean org.springframework.aop.framework.Advised.removeAdvice(org.aopalliance.aop.Advice)
07:58:20.400 [Test worker] DEBUG org.springframework.aop.framework.CglibAopProxy - Method is declared on Advised interface: public abstract java.lang.String org.springframework.aop.framework.Advised.toProxyConfigString()
07:58:20.401 [Test worker] DEBUG org.springframework.aop.framework.CglibAopProxy - Method is declared on Advised interface: public abstract void org.springframework.aop.framework.Advised.setTargetSource(org.springframework.aop.TargetSource)
07:58:20.401 [Test worker] DEBUG org.springframework.aop.framework.CglibAopProxy - Method is declared on Advised interface: public abstract void org.springframework.aop.framework.Advised.addAdvisor(org.springframework.aop.Advisor) throws org.springframework.aop.framework.AopConfigException
07:58:20.401 [Test worker] DEBUG org.springframework.aop.framework.CglibAopProxy - Method is declared on Advised interface: public abstract void org.springframework.aop.framework.Advised.addAdvisor(int,org.springframework.aop.Advisor) throws org.springframework.aop.framework.AopConfigException
07:58:20.402 [Test worker] DEBUG org.springframework.aop.framework.CglibAopProxy - Method is declared on Advised interface: public abstract void org.springframework.aop.framework.Advised.setExposeProxy(boolean)
07:58:20.402 [Test worker] DEBUG org.springframework.aop.framework.CglibAopProxy - Method is declared on Advised interface: public abstract boolean org.springframework.aop.framework.Advised.isExposeProxy()
07:58:20.402 [Test worker] DEBUG org.springframework.aop.framework.CglibAopProxy - Method is declared on Advised interface: public abstract void org.springframework.aop.framework.Advised.addAdvice(int,org.aopalliance.aop.Advice) throws org.springframework.aop.framework.AopConfigException
07:58:20.402 [Test worker] DEBUG org.springframework.aop.framework.CglibAopProxy - Method is declared on Advised interface: public abstract void org.springframework.aop.framework.Advised.addAdvice(org.aopalliance.aop.Advice) throws org.springframework.aop.framework.AopConfigException
07:58:20.402 [Test worker] DEBUG org.springframework.aop.framework.CglibAopProxy - Method is declared on Advised interface: public abstract org.springframework.aop.Advisor[] org.springframework.aop.framework.Advised.getAdvisors()
07:58:20.402 [Test worker] DEBUG org.springframework.aop.framework.CglibAopProxy - Method is declared on Advised interface: public abstract java.lang.Class org.springframework.aop.TargetClassAware.getTargetClass()
07:58:20.432 [Test worker] DEBUG org.springframework.test.context.support.AbstractDirtiesContextTestExecutionListener - Before test method: context [DefaultTestContext@2a35de27 testClass = EnviosRepositoryTest, testInstance = com.centripio.repositories.EnviosRepositoryTest@14ceb62c, testMethod = crearEnvio_tets@EnviosRepositoryTest, testException = [null], mergedContextConfiguration = [MergedContextConfiguration@65695714 testClass = EnviosRepositoryTest, locations = '{}', classes = '{class com.centripio.config.AppConfig}', contextInitializerClasses = '[]', activeProfiles = '{}', propertySourceLocations = '{}', propertySourceProperties = '{}', contextCustomizers = set[org.springframework.boot.test.context.filter.ExcludeFilterContextCustomizer@30f4d1b6, org.springframework.boot.test.json.DuplicateJsonObjectContextCustomizerFactory$DuplicateJsonObjectContextCustomizer@13f9f3cc, org.springframework.boot.test.mock.mockito.MockitoContextCustomizer@0, org.springframework.boot.test.autoconfigure.properties.PropertyMappingContextCustomizer@0, org.springframework.boot.test.autoconfigure.web.servlet.WebDriverContextCustomizerFactory$Customizer@4dcd44f3], contextLoader = 'org.springframework.test.context.support.DelegatingSmartContextLoader', parent = [null]]], class annotated with @DirtiesContext [false] with mode [null], method annotated with @DirtiesContext [false] with mode [null].
07:58:20.433 [Test worker] DEBUG org.springframework.transaction.annotation.AnnotationTransactionAttributeSource - Adding transactional method 'com.centripio.repositories.EnviosRepositoryTest.crearEnvio_tets' with attribute: PROPAGATION_REQUIRED,ISOLATION_DEFAULT; ''
07:58:20.434 [Test worker] DEBUG org.springframework.test.context.transaction.TransactionalTestExecutionListener - Explicit transaction definition [PROPAGATION_REQUIRED,ISOLATION_DEFAULT; ''] found for test context [DefaultTestContext@2a35de27 testClass = EnviosRepositoryTest, testInstance = com.centripio.repositories.EnviosRepositoryTest@14ceb62c, testMethod = crearEnvio_tets@EnviosRepositoryTest, testException = [null], mergedContextConfiguration = [MergedContextConfiguration@65695714 testClass = EnviosRepositoryTest, locations = '{}', classes = '{class com.centripio.config.AppConfig}', contextInitializerClasses = '[]', activeProfiles = '{}', propertySourceLocations = '{}', propertySourceProperties = '{}', contextCustomizers = set[org.springframework.boot.test.context.filter.ExcludeFilterContextCustomizer@30f4d1b6, org.springframework.boot.test.json.DuplicateJsonObjectContextCustomizerFactory$DuplicateJsonObjectContextCustomizer@13f9f3cc, org.springframework.boot.test.mock.mockito.MockitoContextCustomizer@0, org.springframework.boot.test.autoconfigure.properties.PropertyMappingContextCustomizer@0, org.springframework.boot.test.autoconfigure.web.servlet.WebDriverContextCustomizerFactory$Customizer@4dcd44f3], contextLoader = 'org.springframework.test.context.support.DelegatingSmartContextLoader', parent = [null]]]
07:58:20.434 [Test worker] DEBUG org.springframework.test.context.transaction.TransactionalTestExecutionListener - Retrieved @TransactionConfiguration [null] for test class [com.centripio.repositories.EnviosRepositoryTest].
07:58:20.434 [Test worker] DEBUG org.springframework.test.context.transaction.TransactionalTestExecutionListener - Using TransactionConfigurationAttributes [TransactionConfigurationAttributes@78aa74d5 transactionManagerName = '', defaultRollback = true] for test class [com.centripio.repositories.EnviosRepositoryTest].
07:58:20.435 [Test worker] DEBUG org.springframework.test.context.cache.DefaultCacheAwareContextLoaderDelegate - Retrieved ApplicationContext from cache with key [[MergedContextConfiguration@65695714 testClass = EnviosRepositoryTest, locations = '{}', classes = '{class com.centripio.config.AppConfig}', contextInitializerClasses = '[]', activeProfiles = '{}', propertySourceLocations = '{}', propertySourceProperties = '{}', contextCustomizers = set[org.springframework.boot.test.context.filter.ExcludeFilterContextCustomizer@30f4d1b6, org.springframework.boot.test.json.DuplicateJsonObjectContextCustomizerFactory$DuplicateJsonObjectContextCustomizer@13f9f3cc, org.springframework.boot.test.mock.mockito.MockitoContextCustomizer@0, org.springframework.boot.test.autoconfigure.properties.PropertyMappingContextCustomizer@0, org.springframework.boot.test.autoconfigure.web.servlet.WebDriverContextCustomizerFactory$Customizer@4dcd44f3], contextLoader = 'org.springframework.test.context.support.DelegatingSmartContextLoader', parent = [null]]]
07:58:20.435 [Test worker] DEBUG org.springframework.test.context.cache - Spring test ApplicationContext cache statistics: [DefaultContextCache@378dd006 size = 1, maxSize = 32, parentContextCount = 0, hitCount = 13, missCount = 1]
07:58:20.435 [Test worker] DEBUG org.springframework.beans.factory.support.DefaultListableBeanFactory - Returning cached instance of singleton bean 'transactionManager'
07:58:20.435 [Test worker] DEBUG org.springframework.test.context.transaction.TransactionalTestExecutionListener - No method-level @Rollback override: using default rollback [true] for test context [DefaultTestContext@2a35de27 testClass = EnviosRepositoryTest, testInstance = com.centripio.repositories.EnviosRepositoryTest@14ceb62c, testMethod = crearEnvio_tets@EnviosRepositoryTest, testException = [null], mergedContextConfiguration = [MergedContextConfiguration@65695714 testClass = EnviosRepositoryTest, locations = '{}', classes = '{class com.centripio.config.AppConfig}', contextInitializerClasses = '[]', activeProfiles = '{}', propertySourceLocations = '{}', propertySourceProperties = '{}', contextCustomizers = set[org.springframework.boot.test.context.filter.ExcludeFilterContextCustomizer@30f4d1b6, org.springframework.boot.test.json.DuplicateJsonObjectContextCustomizerFactory$DuplicateJsonObjectContextCustomizer@13f9f3cc, org.springframework.boot.test.mock.mockito.MockitoContextCustomizer@0, org.springframework.boot.test.autoconfigure.properties.PropertyMappingContextCustomizer@0, org.springframework.boot.test.autoconfigure.web.servlet.WebDriverContextCustomizerFactory$Customizer@4dcd44f3], contextLoader = 'org.springframework.test.context.support.DelegatingSmartContextLoader', parent = [null]]].
07:58:20.435 [Test worker] DEBUG org.springframework.orm.jpa.JpaTransactionManager - Creating new transaction with name [com.centripio.repositories.EnviosRepositoryTest.crearEnvio_tets]: PROPAGATION_REQUIRED,ISOLATION_DEFAULT; ''
07:58:20.436 [Test worker] DEBUG org.springframework.orm.jpa.JpaTransactionManager - Opened new EntityManager [org.hibernate.jpa.internal.EntityManagerImpl@60cda97] for JPA transaction
07:58:20.436 [Test worker] DEBUG org.hibernate.engine.transaction.internal.TransactionImpl - begin
07:58:20.436 [Test worker] DEBUG org.springframework.orm.jpa.JpaTransactionManager - Exposing JPA transaction as JDBC transaction [org.springframework.orm.jpa.vendor.HibernateJpaDialect$HibernateConnectionHandle@d982b60]
07:58:20.436 [Test worker] INFO org.springframework.test.context.transaction.TransactionContext - Began transaction (1) for test context [DefaultTestContext@2a35de27 testClass = EnviosRepositoryTest, testInstance = com.centripio.repositories.EnviosRepositoryTest@14ceb62c, testMethod = crearEnvio_tets@EnviosRepositoryTest, testException = [null], mergedContextConfiguration = [MergedContextConfiguration@65695714 testClass = EnviosRepositoryTest, locations = '{}', classes = '{class com.centripio.config.AppConfig}', contextInitializerClasses = '[]', activeProfiles = '{}', propertySourceLocations = '{}', propertySourceProperties = '{}', contextCustomizers = set[org.springframework.boot.test.context.filter.ExcludeFilterContextCustomizer@30f4d1b6, org.springframework.boot.test.json.DuplicateJsonObjectContextCustomizerFactory$DuplicateJsonObjectContextCustomizer@13f9f3cc, org.springframework.boot.test.mock.mockito.MockitoContextCustomizer@0, org.springframework.boot.test.autoconfigure.properties.PropertyMappingContextCustomizer@0, org.springframework.boot.test.autoconfigure.web.servlet.WebDriverContextCustomizerFactory$Customizer@4dcd44f3], contextLoader = 'org.springframework.test.context.support.DelegatingSmartContextLoader', parent = [null]]]; transaction manager [org.springframework.orm.jpa.JpaTransactionManager@1f0e0ecf]; rollback [true]
07:58:20.438 [Test worker] DEBUG org.springframework.test.context.cache.DefaultCacheAwareContextLoaderDelegate - Retrieved ApplicationContext from cache with key [[MergedContextConfiguration@65695714 testClass = EnviosRepositoryTest, locations = '{}', classes = '{class com.centripio.config.AppConfig}', contextInitializerClasses = '[]', activeProfiles = '{}', propertySourceLocations = '{}', propertySourceProperties = '{}', contextCustomizers = set[org.springframework.boot.test.context.filter.ExcludeFilterContextCustomizer@30f4d1b6, org.springframework.boot.test.json.DuplicateJsonObjectContextCustomizerFactory$DuplicateJsonObjectContextCustomizer@13f9f3cc, org.springframework.boot.test.mock.mockito.MockitoContextCustomizer@0, org.springframework.boot.test.autoconfigure.properties.PropertyMappingContextCustomizer@0, org.springframework.boot.test.autoconfigure.web.servlet.WebDriverContextCustomizerFactory$Customizer@4dcd44f3], contextLoader = 'org.springframework.test.context.support.DelegatingSmartContextLoader', parent = [null]]]
07:58:20.438 [Test worker] DEBUG org.springframework.test.context.cache - Spring test ApplicationContext cache statistics: [DefaultContextCache@378dd006 size = 1, maxSize = 32, parentContextCount = 0, hitCount = 14, missCount = 1]
07:58:20.439 [Test worker] DEBUG org.springframework.beans.factory.support.DefaultListableBeanFactory - Returning cached instance of singleton bean 'org.springframework.boot.test.mock.mockito.MockitoBeans'
07:58:20.444 [Test worker] DEBUG org.hibernate.jpa.criteria.CriteriaQueryImpl - Rendered criteria query -> select generatedAlias0 from Cuenta as generatedAlias0 where generatedAlias0.id=:param0
07:58:20.446 [Test worker] DEBUG org.hibernate.SQL - select cuenta0_.id as id1_0_, cuenta0_.banco as banco2_0_, cuenta0_.direccion as direccio3_0_, cuenta0_.numerocuenta as numerocu4_0_ from tbl_cuenta cuenta0_ where cuenta0_.id=?
07:58:20.449 [Test worker] DEBUG org.hibernate.loader.Loader - Result set row: 0
07:58:20.450 [Test worker] DEBUG org.hibernate.loader.Loader - Result row: EntityKey[com.centripio.domain.Cuenta#1]
07:58:20.451 [Test worker] DEBUG org.hibernate.engine.internal.TwoPhaseLoad - Resolving associations for [com.centripio.domain.Cuenta#1]
07:58:20.451 [Test worker] DEBUG org.hibernate.engine.internal.TwoPhaseLoad - Done materializing entity [com.centripio.domain.Cuenta#1]
07:58:20.453 [Test worker] DEBUG org.springframework.data.repository.core.support.TransactionalRepositoryProxyPostProcessor$CustomAnnotationTransactionAttributeSource - Adding transactional method 'save' with attribute: PROPAGATION_REQUIRED,ISOLATION_DEFAULT; ''
07:58:20.453 [Test worker] DEBUG org.springframework.beans.factory.support.DefaultListableBeanFactory - Returning cached instance of singleton bean 'transactionManager'
07:58:20.454 [Test worker] DEBUG org.springframework.orm.jpa.JpaTransactionManager - Found thread-bound EntityManager [org.hibernate.jpa.internal.EntityManagerImpl@60cda97] for JPA transaction
07:58:20.454 [Test worker] DEBUG org.springframework.orm.jpa.JpaTransactionManager - Participating in existing transaction
07:58:20.482 [Test worker] DEBUG org.hibernate.engine.spi.ActionQueue - Executing identity-insert immediately
07:58:20.489 [Test worker] DEBUG org.hibernate.SQL - insert into tbl_envios (id, cantidad, costo_envio, cuenta_id, fecha_transaccion, impuestos) values (null, ?, ?, ?, ?, ?)
07:58:20.502 [Test worker] DEBUG org.hibernate.id.IdentifierGeneratorHelper - Natively generated identity: 1
07:58:20.502 [Test worker] DEBUG org.hibernate.resource.jdbc.internal.ResourceRegistryStandardImpl - HHH000387: ResultSet's statement was not registered
07:58:20.505 [Test worker] DEBUG org.hibernate.jpa.criteria.CriteriaQueryImpl - Rendered criteria query -> select generatedAlias0 from Envio as generatedAlias0 where generatedAlias0.id=:param0
07:58:20.507 [Test worker] DEBUG org.hibernate.hql.internal.ast.QueryTranslatorImpl - parse() - HQL: select generatedAlias0 from com.centripio.domain.Envio as generatedAlias0 where generatedAlias0.id=:param0
07:58:20.514 [Test worker] DEBUG org.hibernate.hql.internal.ast.QueryTranslatorImpl - --- HQL AST ---
 \-[QUERY] Node: 'query'
    +-[SELECT_FROM] Node: 'SELECT_FROM'
    |  +-[FROM] Node: 'from'
    |  |  \-[RANGE] Node: 'RANGE'
    |  |     +-[DOT] Node: '.'
    |  |     |  +-[DOT] Node: '.'
    |  |     |  |  +-[DOT] Node: '.'
    |  |     |  |  |  +-[IDENT] Node: 'com'
    |  |     |  |  |  \-[IDENT] Node: 'centripio'
    |  |     |  |  \-[IDENT] Node: 'domain'
    |  |     |  \-[IDENT] Node: 'Envio'
    |  |     \-[ALIAS] Node: 'generatedAlias0'
    |  \-[SELECT] Node: 'select'
    |     \-[IDENT] Node: 'generatedAlias0'
    \-[WHERE] Node: 'where'
       \-[EQ] Node: '='
          +-[DOT] Node: '.'
          |  +-[IDENT] Node: 'generatedAlias0'
          |  \-[IDENT] Node: 'id'
          \-[COLON] Node: ':'
             \-[IDENT] Node: 'param0'

07:58:20.515 [Test worker] DEBUG org.hibernate.hql.internal.ast.ErrorCounter - throwQueryException() : no errors
07:58:20.515 [Test worker] DEBUG org.hibernate.hql.internal.antlr.HqlSqlBaseWalker - select << begin [level=1, statement=select]
07:58:20.516 [Test worker] DEBUG org.hibernate.hql.internal.ast.tree.FromElement - FromClause{level=1} : com.centripio.domain.Envio (generatedAlias0) -> envio0_
07:58:20.516 [Test worker] DEBUG org.hibernate.hql.internal.ast.tree.FromReferenceNode - Resolved : generatedAlias0 -> envio0_.id
07:58:20.517 [Test worker] DEBUG org.hibernate.hql.internal.ast.tree.FromReferenceNode - Resolved : generatedAlias0 -> envio0_.id
07:58:20.518 [Test worker] DEBUG org.hibernate.hql.internal.ast.tree.DotNode - getDataType() : id -> org.hibernate.type.LongType@22dffb78
07:58:20.518 [Test worker] DEBUG org.hibernate.hql.internal.ast.tree.FromReferenceNode - Resolved : generatedAlias0.id -> envio0_.id
07:58:20.519 [Test worker] DEBUG org.hibernate.hql.internal.antlr.HqlSqlBaseWalker - select : finishing up [level=1, statement=select]
07:58:20.519 [Test worker] DEBUG org.hibernate.hql.internal.ast.HqlSqlWalker - processQuery() :  ( SELECT ( {select clause} envio0_.id ) ( FromClause{level=1} tbl_envios envio0_ ) ( where ( = ( envio0_.id envio0_.id id ) ? ) ) )
07:58:20.520 [Test worker] DEBUG org.hibernate.hql.internal.ast.util.JoinProcessor - Using FROM fragment [tbl_envios envio0_]
07:58:20.521 [Test worker] DEBUG org.hibernate.hql.internal.antlr.HqlSqlBaseWalker - select >> end [level=1, statement=select]
07:58:20.522 [Test worker] DEBUG org.hibernate.hql.internal.ast.QueryTranslatorImpl - --- SQL AST ---
 \-[SELECT] QueryNode: 'SELECT'  querySpaces (tbl_envios)
    +-[SELECT_CLAUSE] SelectClause: '{select clause}'
    |  +-[ALIAS_REF] IdentNode: 'envio0_.id as id1_1_' {alias=generatedAlias0, className=com.centripio.domain.Envio, tableAlias=envio0_}
    |  \-[SQL_TOKEN] SqlFragment: 'envio0_.cantidad as cantidad2_1_, envio0_.costo_envio as costo_en3_1_, envio0_.cuenta_id as cuenta_i6_1_, envio0_.fecha_transaccion as fecha_tr4_1_, envio0_.impuestos as impuesto5_1_'
    +-[FROM] FromClause: 'from' FromClause{level=1, fromElementCounter=1, fromElements=1, fromElementByClassAlias=[generatedAlias0], fromElementByTableAlias=[envio0_], fromElementsByPath=[], collectionJoinFromElementsByPath=[], impliedElements=[]}
    |  \-[FROM_FRAGMENT] FromElement: 'tbl_envios envio0_' FromElement{explicit,not a collection join,not a fetch join,fetch non-lazy properties,classAlias=generatedAlias0,role=null,tableName=tbl_envios,tableAlias=envio0_,origin=null,columns={,className=com.centripio.domain.Envio}}
    \-[WHERE] SqlNode: 'where'
       \-[EQ] BinaryLogicOperatorNode: '='
          +-[DOT] DotNode: 'envio0_.id' {propertyName=id,dereferenceType=PRIMITIVE,getPropertyPath=id,path=generatedAlias0.id,tableAlias=envio0_,className=com.centripio.domain.Envio,classAlias=generatedAlias0}
          |  +-[ALIAS_REF] IdentNode: 'envio0_.id' {alias=generatedAlias0, className=com.centripio.domain.Envio, tableAlias=envio0_}
          |  \-[IDENT] IdentNode: 'id' {originalText=id}
          \-[NAMED_PARAM] ParameterNode: '?' {name=param0, expectedType=org.hibernate.type.LongType@22dffb78}

07:58:20.522 [Test worker] DEBUG org.hibernate.hql.internal.ast.ErrorCounter - throwQueryException() : no errors
07:58:20.523 [Test worker] DEBUG org.hibernate.hql.internal.ast.QueryTranslatorImpl - HQL: select generatedAlias0 from com.centripio.domain.Envio as generatedAlias0 where generatedAlias0.id=:param0
07:58:20.523 [Test worker] DEBUG org.hibernate.hql.internal.ast.QueryTranslatorImpl - SQL: select envio0_.id as id1_1_, envio0_.cantidad as cantidad2_1_, envio0_.costo_envio as costo_en3_1_, envio0_.cuenta_id as cuenta_i6_1_, envio0_.fecha_transaccion as fecha_tr4_1_, envio0_.impuestos as impuesto5_1_ from tbl_envios envio0_ where envio0_.id=?
07:58:20.523 [Test worker] DEBUG org.hibernate.hql.internal.ast.ErrorCounter - throwQueryException() : no errors
07:58:20.527 [Test worker] DEBUG org.hibernate.event.internal.AbstractFlushingEventListener - Processing flush-time cascades
07:58:20.528 [Test worker] DEBUG org.hibernate.event.internal.AbstractFlushingEventListener - Dirty checking collections
07:58:20.531 [Test worker] DEBUG org.hibernate.event.internal.AbstractFlushingEventListener - Flushed: 0 insertions, 0 updates, 0 deletions to 2 objects
07:58:20.532 [Test worker] DEBUG org.hibernate.event.internal.AbstractFlushingEventListener - Flushed: 0 (re)creations, 0 updates, 0 removals to 0 collections
07:58:20.538 [Test worker] DEBUG org.hibernate.internal.util.EntityPrinter - Listing entities:
07:58:20.539 [Test worker] DEBUG org.hibernate.internal.util.EntityPrinter - com.centripio.domain.Cuenta{direccion=2175 Teller Street, banco=Banco del Atlantico, id=1, numerocuenta=558091242-3}
07:58:20.540 [Test worker] DEBUG org.hibernate.internal.util.EntityPrinter - com.centripio.domain.Envio{fechaTransaccion=Sat Nov 18 07:58:20 PST 2017, impuestos=0.1499999999999999944488848768742172978818416595458984375, costoEnvio=15, cuenta=com.centripio.domain.Cuenta#1, id=1, cantidad=10}
07:58:20.540 [Test worker] DEBUG org.hibernate.SQL - select envio0_.id as id1_1_, envio0_.cantidad as cantidad2_1_, envio0_.costo_envio as costo_en3_1_, envio0_.cuenta_id as cuenta_i6_1_, envio0_.fecha_transaccion as fecha_tr4_1_, envio0_.impuestos as impuesto5_1_ from tbl_envios envio0_ where envio0_.id=?
07:58:20.542 [Test worker] DEBUG org.hibernate.loader.Loader - Result set row: 0
07:58:20.542 [Test worker] DEBUG org.hibernate.loader.Loader - Result row: EntityKey[com.centripio.domain.Envio#1]
07:58:20.543 [Test worker] DEBUG org.springframework.test.context.cache.DefaultCacheAwareContextLoaderDelegate - Retrieved ApplicationContext from cache with key [[MergedContextConfiguration@65695714 testClass = EnviosRepositoryTest, locations = '{}', classes = '{class com.centripio.config.AppConfig}', contextInitializerClasses = '[]', activeProfiles = '{}', propertySourceLocations = '{}', propertySourceProperties = '{}', contextCustomizers = set[org.springframework.boot.test.context.filter.ExcludeFilterContextCustomizer@30f4d1b6, org.springframework.boot.test.json.DuplicateJsonObjectContextCustomizerFactory$DuplicateJsonObjectContextCustomizer@13f9f3cc, org.springframework.boot.test.mock.mockito.MockitoContextCustomizer@0, org.springframework.boot.test.autoconfigure.properties.PropertyMappingContextCustomizer@0, org.springframework.boot.test.autoconfigure.web.servlet.WebDriverContextCustomizerFactory$Customizer@4dcd44f3], contextLoader = 'org.springframework.test.context.support.DelegatingSmartContextLoader', parent = [null]]]
07:58:20.543 [Test worker] DEBUG org.springframework.test.context.cache - Spring test ApplicationContext cache statistics: [DefaultContextCache@378dd006 size = 1, maxSize = 32, parentContextCount = 0, hitCount = 15, missCount = 1]
07:58:20.543 [Test worker] DEBUG org.springframework.test.context.cache.DefaultCacheAwareContextLoaderDelegate - Retrieved ApplicationContext from cache with key [[MergedContextConfiguration@65695714 testClass = EnviosRepositoryTest, locations = '{}', classes = '{class com.centripio.config.AppConfig}', contextInitializerClasses = '[]', activeProfiles = '{}', propertySourceLocations = '{}', propertySourceProperties = '{}', contextCustomizers = set[org.springframework.boot.test.context.filter.ExcludeFilterContextCustomizer@30f4d1b6, org.springframework.boot.test.json.DuplicateJsonObjectContextCustomizerFactory$DuplicateJsonObjectContextCustomizer@13f9f3cc, org.springframework.boot.test.mock.mockito.MockitoContextCustomizer@0, org.springframework.boot.test.autoconfigure.properties.PropertyMappingContextCustomizer@0, org.springframework.boot.test.autoconfigure.web.servlet.WebDriverContextCustomizerFactory$Customizer@4dcd44f3], contextLoader = 'org.springframework.test.context.support.DelegatingSmartContextLoader', parent = [null]]]
07:58:20.543 [Test worker] DEBUG org.springframework.test.context.cache - Spring test ApplicationContext cache statistics: [DefaultContextCache@378dd006 size = 1, maxSize = 32, parentContextCount = 0, hitCount = 16, missCount = 1]
07:58:20.545 [Test worker] DEBUG org.springframework.test.context.cache.DefaultCacheAwareContextLoaderDelegate - Retrieved ApplicationContext from cache with key [[MergedContextConfiguration@65695714 testClass = EnviosRepositoryTest, locations = '{}', classes = '{class com.centripio.config.AppConfig}', contextInitializerClasses = '[]', activeProfiles = '{}', propertySourceLocations = '{}', propertySourceProperties = '{}', contextCustomizers = set[org.springframework.boot.test.context.filter.ExcludeFilterContextCustomizer@30f4d1b6, org.springframework.boot.test.json.DuplicateJsonObjectContextCustomizerFactory$DuplicateJsonObjectContextCustomizer@13f9f3cc, org.springframework.boot.test.mock.mockito.MockitoContextCustomizer@0, org.springframework.boot.test.autoconfigure.properties.PropertyMappingContextCustomizer@0, org.springframework.boot.test.autoconfigure.web.servlet.WebDriverContextCustomizerFactory$Customizer@4dcd44f3], contextLoader = 'org.springframework.test.context.support.DelegatingSmartContextLoader', parent = [null]]]
07:58:20.545 [Test worker] DEBUG org.springframework.test.context.cache - Spring test ApplicationContext cache statistics: [DefaultContextCache@378dd006 size = 1, maxSize = 32, parentContextCount = 0, hitCount = 17, missCount = 1]
07:58:20.545 [Test worker] DEBUG org.springframework.beans.factory.support.DefaultListableBeanFactory - Returning cached instance of singleton bean 'org.springframework.boot.test.mock.mockito.MockitoBeans'
07:58:20.547 [Test worker] DEBUG org.springframework.orm.jpa.JpaTransactionManager - Initiating transaction rollback
07:58:20.547 [Test worker] DEBUG org.springframework.orm.jpa.JpaTransactionManager - Rolling back JPA transaction on EntityManager [org.hibernate.jpa.internal.EntityManagerImpl@60cda97]
07:58:20.547 [Test worker] DEBUG org.hibernate.engine.transaction.internal.TransactionImpl - rolling back
07:58:20.551 [Test worker] DEBUG org.springframework.orm.jpa.JpaTransactionManager - Closing JPA EntityManager [org.hibernate.jpa.internal.EntityManagerImpl@60cda97] after transaction
07:58:20.551 [Test worker] DEBUG org.springframework.orm.jpa.EntityManagerFactoryUtils - Closing JPA EntityManager
07:58:20.552 [Test worker] INFO org.springframework.test.context.transaction.TransactionContext - Rolled back transaction for test context [DefaultTestContext@2a35de27 testClass = EnviosRepositoryTest, testInstance = com.centripio.repositories.EnviosRepositoryTest@14ceb62c, testMethod = crearEnvio_tets@EnviosRepositoryTest, testException = [null], mergedContextConfiguration = [MergedContextConfiguration@65695714 testClass = EnviosRepositoryTest, locations = '{}', classes = '{class com.centripio.config.AppConfig}', contextInitializerClasses = '[]', activeProfiles = '{}', propertySourceLocations = '{}', propertySourceProperties = '{}', contextCustomizers = set[org.springframework.boot.test.context.filter.ExcludeFilterContextCustomizer@30f4d1b6, org.springframework.boot.test.json.DuplicateJsonObjectContextCustomizerFactory$DuplicateJsonObjectContextCustomizer@13f9f3cc, org.springframework.boot.test.mock.mockito.MockitoContextCustomizer@0, org.springframework.boot.test.autoconfigure.properties.PropertyMappingContextCustomizer@0, org.springframework.boot.test.autoconfigure.web.servlet.WebDriverContextCustomizerFactory$Customizer@4dcd44f3], contextLoader = 'org.springframework.test.context.support.DelegatingSmartContextLoader', parent = [null]]].
07:58:20.554 [Test worker] DEBUG org.springframework.test.context.support.AbstractDirtiesContextTestExecutionListener - After test method: context [DefaultTestContext@2a35de27 testClass = EnviosRepositoryTest, testInstance = com.centripio.repositories.EnviosRepositoryTest@14ceb62c, testMethod = crearEnvio_tets@EnviosRepositoryTest, testException = [null], mergedContextConfiguration = [MergedContextConfiguration@65695714 testClass = EnviosRepositoryTest, locations = '{}', classes = '{class com.centripio.config.AppConfig}', contextInitializerClasses = '[]', activeProfiles = '{}', propertySourceLocations = '{}', propertySourceProperties = '{}', contextCustomizers = set[org.springframework.boot.test.context.filter.ExcludeFilterContextCustomizer@30f4d1b6, org.springframework.boot.test.json.DuplicateJsonObjectContextCustomizerFactory$DuplicateJsonObjectContextCustomizer@13f9f3cc, org.springframework.boot.test.mock.mockito.MockitoContextCustomizer@0, org.springframework.boot.test.autoconfigure.properties.PropertyMappingContextCustomizer@0, org.springframework.boot.test.autoconfigure.web.servlet.WebDriverContextCustomizerFactory$Customizer@4dcd44f3], contextLoader = 'org.springframework.test.context.support.DelegatingSmartContextLoader', parent = [null]]], class annotated with @DirtiesContext [false] with mode [null], method annotated with @DirtiesContext [false] with mode [null].
07:58:20.554 [Test worker] DEBUG org.springframework.test.annotation.ProfileValueUtils - Retrieved @ProfileValueSourceConfiguration [null] for test class [com.centripio.repositories.EnviosRepositoryTest]
07:58:20.555 [Test worker] DEBUG org.springframework.test.annotation.ProfileValueUtils - Retrieved ProfileValueSource type [class org.springframework.test.annotation.SystemProfileValueSource] for class [com.centripio.repositories.EnviosRepositoryTest]
07:58:20.555 [Test worker] DEBUG org.springframework.test.context.support.DependencyInjectionTestExecutionListener - Performing dependency injection for test context [[DefaultTestContext@2a35de27 testClass = EnviosRepositoryTest, testInstance = com.centripio.repositories.EnviosRepositoryTest@2b27133a, testMethod = [null], testException = [null], mergedContextConfiguration = [MergedContextConfiguration@65695714 testClass = EnviosRepositoryTest, locations = '{}', classes = '{class com.centripio.config.AppConfig}', contextInitializerClasses = '[]', activeProfiles = '{}', propertySourceLocations = '{}', propertySourceProperties = '{}', contextCustomizers = set[org.springframework.boot.test.context.filter.ExcludeFilterContextCustomizer@30f4d1b6, org.springframework.boot.test.json.DuplicateJsonObjectContextCustomizerFactory$DuplicateJsonObjectContextCustomizer@13f9f3cc, org.springframework.boot.test.mock.mockito.MockitoContextCustomizer@0, org.springframework.boot.test.autoconfigure.properties.PropertyMappingContextCustomizer@0, org.springframework.boot.test.autoconfigure.web.servlet.WebDriverContextCustomizerFactory$Customizer@4dcd44f3], contextLoader = 'org.springframework.test.context.support.DelegatingSmartContextLoader', parent = [null]]]].
07:58:20.556 [Test worker] DEBUG org.springframework.test.context.cache.DefaultCacheAwareContextLoaderDelegate - Retrieved ApplicationContext from cache with key [[MergedContextConfiguration@65695714 testClass = EnviosRepositoryTest, locations = '{}', classes = '{class com.centripio.config.AppConfig}', contextInitializerClasses = '[]', activeProfiles = '{}', propertySourceLocations = '{}', propertySourceProperties = '{}', contextCustomizers = set[org.springframework.boot.test.context.filter.ExcludeFilterContextCustomizer@30f4d1b6, org.springframework.boot.test.json.DuplicateJsonObjectContextCustomizerFactory$DuplicateJsonObjectContextCustomizer@13f9f3cc, org.springframework.boot.test.mock.mockito.MockitoContextCustomizer@0, org.springframework.boot.test.autoconfigure.properties.PropertyMappingContextCustomizer@0, org.springframework.boot.test.autoconfigure.web.servlet.WebDriverContextCustomizerFactory$Customizer@4dcd44f3], contextLoader = 'org.springframework.test.context.support.DelegatingSmartContextLoader', parent = [null]]]
07:58:20.556 [Test worker] DEBUG org.springframework.test.context.cache - Spring test ApplicationContext cache statistics: [DefaultContextCache@378dd006 size = 1, maxSize = 32, parentContextCount = 0, hitCount = 18, missCount = 1]
07:58:20.557 [Test worker] DEBUG org.springframework.beans.factory.annotation.InjectionMetadata - Processing injected element of bean 'com.centripio.repositories.EnviosRepositoryTest': AutowiredFieldElement for com.centripio.cuentas.repository.CuentaRepository com.centripio.repositories.EnviosRepositoryTest.cuentaRepository
07:58:20.557 [Test worker] DEBUG org.springframework.beans.factory.support.DefaultListableBeanFactory - Returning cached instance of singleton bean 'cuentaRepository'
07:58:20.557 [Test worker] DEBUG org.springframework.beans.factory.annotation.InjectionMetadata - Processing injected element of bean 'com.centripio.repositories.EnviosRepositoryTest': AutowiredFieldElement for com.centripio.envios.repository.EnviosRepository com.centripio.repositories.EnviosRepositoryTest.enviosRepository
07:58:20.557 [Test worker] DEBUG org.springframework.beans.factory.support.DefaultListableBeanFactory - Returning cached instance of singleton bean 'enviosRepository'
07:58:20.558 [Test worker] DEBUG org.springframework.beans.factory.support.DefaultListableBeanFactory - Returning cached instance of singleton bean 'org.springframework.transaction.config.internalTransactionAdvisor'
07:58:20.558 [Test worker] DEBUG org.springframework.beans.factory.support.DefaultListableBeanFactory - Returning cached instance of singleton bean 'org.springframework.transaction.config.internalTransactionAdvisor'
07:58:20.559 [Test worker] DEBUG org.springframework.aop.aspectj.annotation.AnnotationAwareAspectJAutoProxyCreator - Creating implicit proxy for bean 'com.centripio.repositories.EnviosRepositoryTest' with 0 common interceptors and 1 specific interceptors
07:58:20.559 [Test worker] DEBUG org.springframework.aop.framework.CglibAopProxy - Creating CGLIB proxy: target source is SingletonTargetSource for target object [com.centripio.repositories.EnviosRepositoryTest@2b27133a]
07:58:20.561 [Test worker] DEBUG org.springframework.test.context.support.AbstractDirtiesContextTestExecutionListener - Before test method: context [DefaultTestContext@2a35de27 testClass = EnviosRepositoryTest, testInstance = com.centripio.repositories.EnviosRepositoryTest@2b27133a, testMethod = mostrarTodosEnvios_test@EnviosRepositoryTest, testException = [null], mergedContextConfiguration = [MergedContextConfiguration@65695714 testClass = EnviosRepositoryTest, locations = '{}', classes = '{class com.centripio.config.AppConfig}', contextInitializerClasses = '[]', activeProfiles = '{}', propertySourceLocations = '{}', propertySourceProperties = '{}', contextCustomizers = set[org.springframework.boot.test.context.filter.ExcludeFilterContextCustomizer@30f4d1b6, org.springframework.boot.test.json.DuplicateJsonObjectContextCustomizerFactory$DuplicateJsonObjectContextCustomizer@13f9f3cc, org.springframework.boot.test.mock.mockito.MockitoContextCustomizer@0, org.springframework.boot.test.autoconfigure.properties.PropertyMappingContextCustomizer@0, org.springframework.boot.test.autoconfigure.web.servlet.WebDriverContextCustomizerFactory$Customizer@4dcd44f3], contextLoader = 'org.springframework.test.context.support.DelegatingSmartContextLoader', parent = [null]]], class annotated with @DirtiesContext [false] with mode [null], method annotated with @DirtiesContext [false] with mode [null].
07:58:20.563 [Test worker] DEBUG org.springframework.transaction.annotation.AnnotationTransactionAttributeSource - Adding transactional method 'com.centripio.repositories.EnviosRepositoryTest.mostrarTodosEnvios_test' with attribute: PROPAGATION_REQUIRED,ISOLATION_DEFAULT; ''
07:58:20.563 [Test worker] DEBUG org.springframework.test.context.transaction.TransactionalTestExecutionListener - Explicit transaction definition [PROPAGATION_REQUIRED,ISOLATION_DEFAULT; ''] found for test context [DefaultTestContext@2a35de27 testClass = EnviosRepositoryTest, testInstance = com.centripio.repositories.EnviosRepositoryTest@2b27133a, testMethod = mostrarTodosEnvios_test@EnviosRepositoryTest, testException = [null], mergedContextConfiguration = [MergedContextConfiguration@65695714 testClass = EnviosRepositoryTest, locations = '{}', classes = '{class com.centripio.config.AppConfig}', contextInitializerClasses = '[]', activeProfiles = '{}', propertySourceLocations = '{}', propertySourceProperties = '{}', contextCustomizers = set[org.springframework.boot.test.context.filter.ExcludeFilterContextCustomizer@30f4d1b6, org.springframework.boot.test.json.DuplicateJsonObjectContextCustomizerFactory$DuplicateJsonObjectContextCustomizer@13f9f3cc, org.springframework.boot.test.mock.mockito.MockitoContextCustomizer@0, org.springframework.boot.test.autoconfigure.properties.PropertyMappingContextCustomizer@0, org.springframework.boot.test.autoconfigure.web.servlet.WebDriverContextCustomizerFactory$Customizer@4dcd44f3], contextLoader = 'org.springframework.test.context.support.DelegatingSmartContextLoader', parent = [null]]]
07:58:20.563 [Test worker] DEBUG org.springframework.test.context.cache.DefaultCacheAwareContextLoaderDelegate - Retrieved ApplicationContext from cache with key [[MergedContextConfiguration@65695714 testClass = EnviosRepositoryTest, locations = '{}', classes = '{class com.centripio.config.AppConfig}', contextInitializerClasses = '[]', activeProfiles = '{}', propertySourceLocations = '{}', propertySourceProperties = '{}', contextCustomizers = set[org.springframework.boot.test.context.filter.ExcludeFilterContextCustomizer@30f4d1b6, org.springframework.boot.test.json.DuplicateJsonObjectContextCustomizerFactory$DuplicateJsonObjectContextCustomizer@13f9f3cc, org.springframework.boot.test.mock.mockito.MockitoContextCustomizer@0, org.springframework.boot.test.autoconfigure.properties.PropertyMappingContextCustomizer@0, org.springframework.boot.test.autoconfigure.web.servlet.WebDriverContextCustomizerFactory$Customizer@4dcd44f3], contextLoader = 'org.springframework.test.context.support.DelegatingSmartContextLoader', parent = [null]]]
07:58:20.563 [Test worker] DEBUG org.springframework.test.context.cache - Spring test ApplicationContext cache statistics: [DefaultContextCache@378dd006 size = 1, maxSize = 32, parentContextCount = 0, hitCount = 19, missCount = 1]
07:58:20.563 [Test worker] DEBUG org.springframework.beans.factory.support.DefaultListableBeanFactory - Returning cached instance of singleton bean 'transactionManager'
07:58:20.564 [Test worker] DEBUG org.springframework.test.context.transaction.TransactionalTestExecutionListener - No method-level @Rollback override: using default rollback [true] for test context [DefaultTestContext@2a35de27 testClass = EnviosRepositoryTest, testInstance = com.centripio.repositories.EnviosRepositoryTest@2b27133a, testMethod = mostrarTodosEnvios_test@EnviosRepositoryTest, testException = [null], mergedContextConfiguration = [MergedContextConfiguration@65695714 testClass = EnviosRepositoryTest, locations = '{}', classes = '{class com.centripio.config.AppConfig}', contextInitializerClasses = '[]', activeProfiles = '{}', propertySourceLocations = '{}', propertySourceProperties = '{}', contextCustomizers = set[org.springframework.boot.test.context.filter.ExcludeFilterContextCustomizer@30f4d1b6, org.springframework.boot.test.json.DuplicateJsonObjectContextCustomizerFactory$DuplicateJsonObjectContextCustomizer@13f9f3cc, org.springframework.boot.test.mock.mockito.MockitoContextCustomizer@0, org.springframework.boot.test.autoconfigure.properties.PropertyMappingContextCustomizer@0, org.springframework.boot.test.autoconfigure.web.servlet.WebDriverContextCustomizerFactory$Customizer@4dcd44f3], contextLoader = 'org.springframework.test.context.support.DelegatingSmartContextLoader', parent = [null]]].
07:58:20.564 [Test worker] DEBUG org.springframework.orm.jpa.JpaTransactionManager - Creating new transaction with name [com.centripio.repositories.EnviosRepositoryTest.mostrarTodosEnvios_test]: PROPAGATION_REQUIRED,ISOLATION_DEFAULT; ''
07:58:20.564 [Test worker] DEBUG org.springframework.orm.jpa.JpaTransactionManager - Opened new EntityManager [org.hibernate.jpa.internal.EntityManagerImpl@4fc6db30] for JPA transaction
07:58:20.564 [Test worker] DEBUG org.hibernate.engine.transaction.internal.TransactionImpl - begin
07:58:20.565 [Test worker] DEBUG org.springframework.orm.jpa.JpaTransactionManager - Exposing JPA transaction as JDBC transaction [org.springframework.orm.jpa.vendor.HibernateJpaDialect$HibernateConnectionHandle@22cf209d]
07:58:20.565 [Test worker] INFO org.springframework.test.context.transaction.TransactionContext - Began transaction (1) for test context [DefaultTestContext@2a35de27 testClass = EnviosRepositoryTest, testInstance = com.centripio.repositories.EnviosRepositoryTest@2b27133a, testMethod = mostrarTodosEnvios_test@EnviosRepositoryTest, testException = [null], mergedContextConfiguration = [MergedContextConfiguration@65695714 testClass = EnviosRepositoryTest, locations = '{}', classes = '{class com.centripio.config.AppConfig}', contextInitializerClasses = '[]', activeProfiles = '{}', propertySourceLocations = '{}', propertySourceProperties = '{}', contextCustomizers = set[org.springframework.boot.test.context.filter.ExcludeFilterContextCustomizer@30f4d1b6, org.springframework.boot.test.json.DuplicateJsonObjectContextCustomizerFactory$DuplicateJsonObjectContextCustomizer@13f9f3cc, org.springframework.boot.test.mock.mockito.MockitoContextCustomizer@0, org.springframework.boot.test.autoconfigure.properties.PropertyMappingContextCustomizer@0, org.springframework.boot.test.autoconfigure.web.servlet.WebDriverContextCustomizerFactory$Customizer@4dcd44f3], contextLoader = 'org.springframework.test.context.support.DelegatingSmartContextLoader', parent = [null]]]; transaction manager [org.springframework.orm.jpa.JpaTransactionManager@1f0e0ecf]; rollback [true]
07:58:20.566 [Test worker] DEBUG org.springframework.test.context.cache.DefaultCacheAwareContextLoaderDelegate - Retrieved ApplicationContext from cache with key [[MergedContextConfiguration@65695714 testClass = EnviosRepositoryTest, locations = '{}', classes = '{class com.centripio.config.AppConfig}', contextInitializerClasses = '[]', activeProfiles = '{}', propertySourceLocations = '{}', propertySourceProperties = '{}', contextCustomizers = set[org.springframework.boot.test.context.filter.ExcludeFilterContextCustomizer@30f4d1b6, org.springframework.boot.test.json.DuplicateJsonObjectContextCustomizerFactory$DuplicateJsonObjectContextCustomizer@13f9f3cc, org.springframework.boot.test.mock.mockito.MockitoContextCustomizer@0, org.springframework.boot.test.autoconfigure.properties.PropertyMappingContextCustomizer@0, org.springframework.boot.test.autoconfigure.web.servlet.WebDriverContextCustomizerFactory$Customizer@4dcd44f3], contextLoader = 'org.springframework.test.context.support.DelegatingSmartContextLoader', parent = [null]]]
07:58:20.567 [Test worker] DEBUG org.springframework.test.context.cache - Spring test ApplicationContext cache statistics: [DefaultContextCache@378dd006 size = 1, maxSize = 32, parentContextCount = 0, hitCount = 20, missCount = 1]
07:58:20.567 [Test worker] DEBUG org.springframework.beans.factory.support.DefaultListableBeanFactory - Returning cached instance of singleton bean 'org.springframework.boot.test.mock.mockito.MockitoBeans'
07:58:20.568 [Test worker] DEBUG org.hibernate.jpa.criteria.CriteriaQueryImpl - Rendered criteria query -> select generatedAlias0 from Cuenta as generatedAlias0 where generatedAlias0.id=:param0
07:58:20.568 [Test worker] DEBUG org.hibernate.SQL - select cuenta0_.id as id1_0_, cuenta0_.banco as banco2_0_, cuenta0_.direccion as direccio3_0_, cuenta0_.numerocuenta as numerocu4_0_ from tbl_cuenta cuenta0_ where cuenta0_.id=?
07:58:20.569 [Test worker] DEBUG org.hibernate.loader.Loader - Result set row: 0
07:58:20.569 [Test worker] DEBUG org.hibernate.loader.Loader - Result row: EntityKey[com.centripio.domain.Cuenta#1]
07:58:20.570 [Test worker] DEBUG org.hibernate.engine.internal.TwoPhaseLoad - Resolving associations for [com.centripio.domain.Cuenta#1]
07:58:20.570 [Test worker] DEBUG org.hibernate.engine.internal.TwoPhaseLoad - Done materializing entity [com.centripio.domain.Cuenta#1]
07:58:20.571 [Test worker] DEBUG org.hibernate.jpa.criteria.CriteriaQueryImpl - Rendered criteria query -> select generatedAlias0 from Cuenta as generatedAlias0 where generatedAlias0.id=:param0
07:58:20.571 [Test worker] DEBUG org.hibernate.event.internal.AbstractFlushingEventListener - Processing flush-time cascades
07:58:20.572 [Test worker] DEBUG org.hibernate.event.internal.AbstractFlushingEventListener - Dirty checking collections
07:58:20.573 [Test worker] DEBUG org.hibernate.event.internal.AbstractFlushingEventListener - Flushed: 0 insertions, 0 updates, 0 deletions to 1 objects
07:58:20.573 [Test worker] DEBUG org.hibernate.event.internal.AbstractFlushingEventListener - Flushed: 0 (re)creations, 0 updates, 0 removals to 0 collections
07:58:20.573 [Test worker] DEBUG org.hibernate.internal.util.EntityPrinter - Listing entities:
07:58:20.573 [Test worker] DEBUG org.hibernate.internal.util.EntityPrinter - com.centripio.domain.Cuenta{direccion=2175 Teller Street, banco=Banco del Atlantico, id=1, numerocuenta=558091242-3}
07:58:20.574 [Test worker] DEBUG org.hibernate.SQL - select cuenta0_.id as id1_0_, cuenta0_.banco as banco2_0_, cuenta0_.direccion as direccio3_0_, cuenta0_.numerocuenta as numerocu4_0_ from tbl_cuenta cuenta0_ where cuenta0_.id=?
07:58:20.584 [Test worker] DEBUG org.hibernate.loader.Loader - Result set row: 0
07:58:20.585 [Test worker] DEBUG org.hibernate.loader.Loader - Result row: EntityKey[com.centripio.domain.Cuenta#1]
07:58:20.586 [Test worker] DEBUG org.springframework.orm.jpa.JpaTransactionManager - Found thread-bound EntityManager [org.hibernate.jpa.internal.EntityManagerImpl@4fc6db30] for JPA transaction
07:58:20.586 [Test worker] DEBUG org.springframework.orm.jpa.JpaTransactionManager - Participating in existing transaction
07:58:20.586 [Test worker] DEBUG org.hibernate.engine.spi.ActionQueue - Executing identity-insert immediately
07:58:20.586 [Test worker] DEBUG org.hibernate.SQL - insert into tbl_envios (id, cantidad, costo_envio, cuenta_id, fecha_transaccion, impuestos) values (null, ?, ?, ?, ?, ?)
07:58:20.588 [Test worker] DEBUG org.hibernate.id.IdentifierGeneratorHelper - Natively generated identity: 2
07:58:20.588 [Test worker] DEBUG org.hibernate.resource.jdbc.internal.ResourceRegistryStandardImpl - HHH000387: ResultSet's statement was not registered
07:58:20.588 [Test worker] DEBUG org.springframework.orm.jpa.JpaTransactionManager - Found thread-bound EntityManager [org.hibernate.jpa.internal.EntityManagerImpl@4fc6db30] for JPA transaction
07:58:20.588 [Test worker] DEBUG org.springframework.orm.jpa.JpaTransactionManager - Participating in existing transaction
07:58:20.589 [Test worker] DEBUG org.hibernate.engine.spi.ActionQueue - Executing identity-insert immediately
07:58:20.589 [Test worker] DEBUG org.hibernate.SQL - insert into tbl_envios (id, cantidad, costo_envio, cuenta_id, fecha_transaccion, impuestos) values (null, ?, ?, ?, ?, ?)
07:58:20.590 [Test worker] DEBUG org.hibernate.id.IdentifierGeneratorHelper - Natively generated identity: 3
07:58:20.590 [Test worker] DEBUG org.hibernate.resource.jdbc.internal.ResourceRegistryStandardImpl - HHH000387: ResultSet's statement was not registered
07:58:20.591 [Test worker] DEBUG org.springframework.data.repository.core.support.TransactionalRepositoryProxyPostProcessor$CustomAnnotationTransactionAttributeSource - Adding transactional method 'findAll' with attribute: PROPAGATION_REQUIRED,ISOLATION_DEFAULT,readOnly; ''
07:58:20.591 [Test worker] DEBUG org.springframework.orm.jpa.JpaTransactionManager - Found thread-bound EntityManager [org.hibernate.jpa.internal.EntityManagerImpl@4fc6db30] for JPA transaction
07:58:20.591 [Test worker] DEBUG org.springframework.orm.jpa.JpaTransactionManager - Participating in existing transaction
07:58:20.591 [Test worker] DEBUG org.hibernate.jpa.criteria.CriteriaQueryImpl - Rendered criteria query -> select generatedAlias0 from Envio as generatedAlias0
07:58:20.592 [Test worker] DEBUG org.hibernate.hql.internal.ast.QueryTranslatorImpl - parse() - HQL: select generatedAlias0 from com.centripio.domain.Envio as generatedAlias0
07:58:20.594 [Test worker] DEBUG org.hibernate.hql.internal.ast.QueryTranslatorImpl - --- HQL AST ---
 \-[QUERY] Node: 'query'
    \-[SELECT_FROM] Node: 'SELECT_FROM'
       +-[FROM] Node: 'from'
       |  \-[RANGE] Node: 'RANGE'
       |     +-[DOT] Node: '.'
       |     |  +-[DOT] Node: '.'
       |     |  |  +-[DOT] Node: '.'
       |     |  |  |  +-[IDENT] Node: 'com'
       |     |  |  |  \-[IDENT] Node: 'centripio'
       |     |  |  \-[IDENT] Node: 'domain'
       |     |  \-[IDENT] Node: 'Envio'
       |     \-[ALIAS] Node: 'generatedAlias0'
       \-[SELECT] Node: 'select'
          \-[IDENT] Node: 'generatedAlias0'

07:58:20.594 [Test worker] DEBUG org.hibernate.hql.internal.ast.ErrorCounter - throwQueryException() : no errors
07:58:20.595 [Test worker] DEBUG org.hibernate.hql.internal.antlr.HqlSqlBaseWalker - select << begin [level=1, statement=select]
07:58:20.595 [Test worker] DEBUG org.hibernate.hql.internal.ast.tree.FromElement - FromClause{level=1} : com.centripio.domain.Envio (generatedAlias0) -> envio0_
07:58:20.596 [Test worker] DEBUG org.hibernate.hql.internal.ast.tree.FromReferenceNode - Resolved : generatedAlias0 -> envio0_.id
07:58:20.596 [Test worker] DEBUG org.hibernate.hql.internal.antlr.HqlSqlBaseWalker - select : finishing up [level=1, statement=select]
07:58:20.596 [Test worker] DEBUG org.hibernate.hql.internal.ast.HqlSqlWalker - processQuery() :  ( SELECT ( {select clause} envio0_.id ) ( FromClause{level=1} tbl_envios envio0_ ) )
07:58:20.596 [Test worker] DEBUG org.hibernate.hql.internal.ast.util.JoinProcessor - Using FROM fragment [tbl_envios envio0_]
07:58:20.596 [Test worker] DEBUG org.hibernate.hql.internal.antlr.HqlSqlBaseWalker - select >> end [level=1, statement=select]
07:58:20.597 [Test worker] DEBUG org.hibernate.hql.internal.ast.QueryTranslatorImpl - --- SQL AST ---
 \-[SELECT] QueryNode: 'SELECT'  querySpaces (tbl_envios)
    +-[SELECT_CLAUSE] SelectClause: '{select clause}'
    |  +-[ALIAS_REF] IdentNode: 'envio0_.id as id1_1_' {alias=generatedAlias0, className=com.centripio.domain.Envio, tableAlias=envio0_}
    |  \-[SQL_TOKEN] SqlFragment: 'envio0_.cantidad as cantidad2_1_, envio0_.costo_envio as costo_en3_1_, envio0_.cuenta_id as cuenta_i6_1_, envio0_.fecha_transaccion as fecha_tr4_1_, envio0_.impuestos as impuesto5_1_'
    \-[FROM] FromClause: 'from' FromClause{level=1, fromElementCounter=1, fromElements=1, fromElementByClassAlias=[generatedAlias0], fromElementByTableAlias=[envio0_], fromElementsByPath=[], collectionJoinFromElementsByPath=[], impliedElements=[]}
       \-[FROM_FRAGMENT] FromElement: 'tbl_envios envio0_' FromElement{explicit,not a collection join,not a fetch join,fetch non-lazy properties,classAlias=generatedAlias0,role=null,tableName=tbl_envios,tableAlias=envio0_,origin=null,columns={,className=com.centripio.domain.Envio}}

07:58:20.597 [Test worker] DEBUG org.hibernate.hql.internal.ast.ErrorCounter - throwQueryException() : no errors
07:58:20.597 [Test worker] DEBUG org.hibernate.hql.internal.ast.QueryTranslatorImpl - HQL: select generatedAlias0 from com.centripio.domain.Envio as generatedAlias0
07:58:20.597 [Test worker] DEBUG org.hibernate.hql.internal.ast.QueryTranslatorImpl - SQL: select envio0_.id as id1_1_, envio0_.cantidad as cantidad2_1_, envio0_.costo_envio as costo_en3_1_, envio0_.cuenta_id as cuenta_i6_1_, envio0_.fecha_transaccion as fecha_tr4_1_, envio0_.impuestos as impuesto5_1_ from tbl_envios envio0_
07:58:20.597 [Test worker] DEBUG org.hibernate.hql.internal.ast.ErrorCounter - throwQueryException() : no errors
07:58:20.598 [Test worker] DEBUG org.hibernate.event.internal.AbstractFlushingEventListener - Processing flush-time cascades
07:58:20.598 [Test worker] DEBUG org.hibernate.event.internal.AbstractFlushingEventListener - Dirty checking collections
07:58:20.598 [Test worker] DEBUG org.hibernate.event.internal.AbstractFlushingEventListener - Flushed: 0 insertions, 0 updates, 0 deletions to 3 objects
07:58:20.598 [Test worker] DEBUG org.hibernate.event.internal.AbstractFlushingEventListener - Flushed: 0 (re)creations, 0 updates, 0 removals to 0 collections
07:58:20.598 [Test worker] DEBUG org.hibernate.internal.util.EntityPrinter - Listing entities:
07:58:20.599 [Test worker] DEBUG org.hibernate.internal.util.EntityPrinter - com.centripio.domain.Envio{fechaTransaccion=Sat Nov 18 07:58:20 PST 2017, impuestos=0.1499999999999999944488848768742172978818416595458984375, costoEnvio=15, cuenta=com.centripio.domain.Cuenta#1, id=3, cantidad=10}
07:58:20.599 [Test worker] DEBUG org.hibernate.internal.util.EntityPrinter - com.centripio.domain.Cuenta{direccion=2175 Teller Street, banco=Banco del Atlantico, id=1, numerocuenta=558091242-3}
07:58:20.599 [Test worker] DEBUG org.hibernate.internal.util.EntityPrinter - com.centripio.domain.Envio{fechaTransaccion=Sat Nov 18 07:58:20 PST 2017, impuestos=0.1499999999999999944488848768742172978818416595458984375, costoEnvio=15, cuenta=com.centripio.domain.Cuenta#1, id=2, cantidad=10}
07:58:20.599 [Test worker] DEBUG org.hibernate.SQL - select envio0_.id as id1_1_, envio0_.cantidad as cantidad2_1_, envio0_.costo_envio as costo_en3_1_, envio0_.cuenta_id as cuenta_i6_1_, envio0_.fecha_transaccion as fecha_tr4_1_, envio0_.impuestos as impuesto5_1_ from tbl_envios envio0_
07:58:20.600 [Test worker] DEBUG org.hibernate.loader.Loader - Result set row: 0
07:58:20.600 [Test worker] DEBUG org.hibernate.loader.Loader - Result row: EntityKey[com.centripio.domain.Envio#2]
07:58:20.601 [Test worker] DEBUG org.hibernate.loader.Loader - Result set row: 1
07:58:20.601 [Test worker] DEBUG org.hibernate.loader.Loader - Result row: EntityKey[com.centripio.domain.Envio#3]
07:58:20.601 [Test worker] DEBUG org.springframework.test.context.cache.DefaultCacheAwareContextLoaderDelegate - Retrieved ApplicationContext from cache with key [[MergedContextConfiguration@65695714 testClass = EnviosRepositoryTest, locations = '{}', classes = '{class com.centripio.config.AppConfig}', contextInitializerClasses = '[]', activeProfiles = '{}', propertySourceLocations = '{}', propertySourceProperties = '{}', contextCustomizers = set[org.springframework.boot.test.context.filter.ExcludeFilterContextCustomizer@30f4d1b6, org.springframework.boot.test.json.DuplicateJsonObjectContextCustomizerFactory$DuplicateJsonObjectContextCustomizer@13f9f3cc, org.springframework.boot.test.mock.mockito.MockitoContextCustomizer@0, org.springframework.boot.test.autoconfigure.properties.PropertyMappingContextCustomizer@0, org.springframework.boot.test.autoconfigure.web.servlet.WebDriverContextCustomizerFactory$Customizer@4dcd44f3], contextLoader = 'org.springframework.test.context.support.DelegatingSmartContextLoader', parent = [null]]]
07:58:20.601 [Test worker] DEBUG org.springframework.test.context.cache - Spring test ApplicationContext cache statistics: [DefaultContextCache@378dd006 size = 1, maxSize = 32, parentContextCount = 0, hitCount = 21, missCount = 1]
07:58:20.602 [Test worker] DEBUG org.springframework.test.context.cache.DefaultCacheAwareContextLoaderDelegate - Retrieved ApplicationContext from cache with key [[MergedContextConfiguration@65695714 testClass = EnviosRepositoryTest, locations = '{}', classes = '{class com.centripio.config.AppConfig}', contextInitializerClasses = '[]', activeProfiles = '{}', propertySourceLocations = '{}', propertySourceProperties = '{}', contextCustomizers = set[org.springframework.boot.test.context.filter.ExcludeFilterContextCustomizer@30f4d1b6, org.springframework.boot.test.json.DuplicateJsonObjectContextCustomizerFactory$DuplicateJsonObjectContextCustomizer@13f9f3cc, org.springframework.boot.test.mock.mockito.MockitoContextCustomizer@0, org.springframework.boot.test.autoconfigure.properties.PropertyMappingContextCustomizer@0, org.springframework.boot.test.autoconfigure.web.servlet.WebDriverContextCustomizerFactory$Customizer@4dcd44f3], contextLoader = 'org.springframework.test.context.support.DelegatingSmartContextLoader', parent = [null]]]
07:58:20.602 [Test worker] DEBUG org.springframework.test.context.cache - Spring test ApplicationContext cache statistics: [DefaultContextCache@378dd006 size = 1, maxSize = 32, parentContextCount = 0, hitCount = 22, missCount = 1]
07:58:20.603 [Test worker] DEBUG org.springframework.test.context.cache.DefaultCacheAwareContextLoaderDelegate - Retrieved ApplicationContext from cache with key [[MergedContextConfiguration@65695714 testClass = EnviosRepositoryTest, locations = '{}', classes = '{class com.centripio.config.AppConfig}', contextInitializerClasses = '[]', activeProfiles = '{}', propertySourceLocations = '{}', propertySourceProperties = '{}', contextCustomizers = set[org.springframework.boot.test.context.filter.ExcludeFilterContextCustomizer@30f4d1b6, org.springframework.boot.test.json.DuplicateJsonObjectContextCustomizerFactory$DuplicateJsonObjectContextCustomizer@13f9f3cc, org.springframework.boot.test.mock.mockito.MockitoContextCustomizer@0, org.springframework.boot.test.autoconfigure.properties.PropertyMappingContextCustomizer@0, org.springframework.boot.test.autoconfigure.web.servlet.WebDriverContextCustomizerFactory$Customizer@4dcd44f3], contextLoader = 'org.springframework.test.context.support.DelegatingSmartContextLoader', parent = [null]]]
07:58:20.603 [Test worker] DEBUG org.springframework.test.context.cache - Spring test ApplicationContext cache statistics: [DefaultContextCache@378dd006 size = 1, maxSize = 32, parentContextCount = 0, hitCount = 23, missCount = 1]
07:58:20.604 [Test worker] DEBUG org.springframework.beans.factory.support.DefaultListableBeanFactory - Returning cached instance of singleton bean 'org.springframework.boot.test.mock.mockito.MockitoBeans'
07:58:20.605 [Test worker] DEBUG org.springframework.orm.jpa.JpaTransactionManager - Initiating transaction rollback
07:58:20.605 [Test worker] DEBUG org.springframework.orm.jpa.JpaTransactionManager - Rolling back JPA transaction on EntityManager [org.hibernate.jpa.internal.EntityManagerImpl@4fc6db30]
07:58:20.605 [Test worker] DEBUG org.hibernate.engine.transaction.internal.TransactionImpl - rolling back
07:58:20.607 [Test worker] DEBUG org.springframework.orm.jpa.JpaTransactionManager - Closing JPA EntityManager [org.hibernate.jpa.internal.EntityManagerImpl@4fc6db30] after transaction
07:58:20.607 [Test worker] DEBUG org.springframework.orm.jpa.EntityManagerFactoryUtils - Closing JPA EntityManager
07:58:20.607 [Test worker] INFO org.springframework.test.context.transaction.TransactionContext - Rolled back transaction for test context [DefaultTestContext@2a35de27 testClass = EnviosRepositoryTest, testInstance = com.centripio.repositories.EnviosRepositoryTest@2b27133a, testMethod = mostrarTodosEnvios_test@EnviosRepositoryTest, testException = [null], mergedContextConfiguration = [MergedContextConfiguration@65695714 testClass = EnviosRepositoryTest, locations = '{}', classes = '{class com.centripio.config.AppConfig}', contextInitializerClasses = '[]', activeProfiles = '{}', propertySourceLocations = '{}', propertySourceProperties = '{}', contextCustomizers = set[org.springframework.boot.test.context.filter.ExcludeFilterContextCustomizer@30f4d1b6, org.springframework.boot.test.json.DuplicateJsonObjectContextCustomizerFactory$DuplicateJsonObjectContextCustomizer@13f9f3cc, org.springframework.boot.test.mock.mockito.MockitoContextCustomizer@0, org.springframework.boot.test.autoconfigure.properties.PropertyMappingContextCustomizer@0, org.springframework.boot.test.autoconfigure.web.servlet.WebDriverContextCustomizerFactory$Customizer@4dcd44f3], contextLoader = 'org.springframework.test.context.support.DelegatingSmartContextLoader', parent = [null]]].
07:58:20.608 [Test worker] DEBUG org.springframework.test.context.support.AbstractDirtiesContextTestExecutionListener - After test method: context [DefaultTestContext@2a35de27 testClass = EnviosRepositoryTest, testInstance = com.centripio.repositories.EnviosRepositoryTest@2b27133a, testMethod = mostrarTodosEnvios_test@EnviosRepositoryTest, testException = [null], mergedContextConfiguration = [MergedContextConfiguration@65695714 testClass = EnviosRepositoryTest, locations = '{}', classes = '{class com.centripio.config.AppConfig}', contextInitializerClasses = '[]', activeProfiles = '{}', propertySourceLocations = '{}', propertySourceProperties = '{}', contextCustomizers = set[org.springframework.boot.test.context.filter.ExcludeFilterContextCustomizer@30f4d1b6, org.springframework.boot.test.json.DuplicateJsonObjectContextCustomizerFactory$DuplicateJsonObjectContextCustomizer@13f9f3cc, org.springframework.boot.test.mock.mockito.MockitoContextCustomizer@0, org.springframework.boot.test.autoconfigure.properties.PropertyMappingContextCustomizer@0, org.springframework.boot.test.autoconfigure.web.servlet.WebDriverContextCustomizerFactory$Customizer@4dcd44f3], contextLoader = 'org.springframework.test.context.support.DelegatingSmartContextLoader', parent = [null]]], class annotated with @DirtiesContext [false] with mode [null], method annotated with @DirtiesContext [false] with mode [null].
07:58:20.608 [Test worker] DEBUG org.springframework.test.context.support.AbstractDirtiesContextTestExecutionListener - After test class: context [DefaultTestContext@2a35de27 testClass = EnviosRepositoryTest, testInstance = [null], testMethod = [null], testException = [null], mergedContextConfiguration = [MergedContextConfiguration@65695714 testClass = EnviosRepositoryTest, locations = '{}', classes = '{class com.centripio.config.AppConfig}', contextInitializerClasses = '[]', activeProfiles = '{}', propertySourceLocations = '{}', propertySourceProperties = '{}', contextCustomizers = set[org.springframework.boot.test.context.filter.ExcludeFilterContextCustomizer@30f4d1b6, org.springframework.boot.test.json.DuplicateJsonObjectContextCustomizerFactory$DuplicateJsonObjectContextCustomizer@13f9f3cc, org.springframework.boot.test.mock.mockito.MockitoContextCustomizer@0, org.springframework.boot.test.autoconfigure.properties.PropertyMappingContextCustomizer@0, org.springframework.boot.test.autoconfigure.web.servlet.WebDriverContextCustomizerFactory$Customizer@4dcd44f3], contextLoader = 'org.springframework.test.context.support.DelegatingSmartContextLoader', parent = [null]]], class annotated with @DirtiesContext [false] with mode [null].
]]></system-out>
  <system-err><![CDATA[]]></system-err>
</testsuite>
